ERROR - 2024-09-07 09:52:59 --> Error connecting to the database: mysqli_sql_exception: No connection could be made because the target machine actively refused it in C:\wamp64\www\bmnunsulbar\system\Database\MySQLi\Connection.php:186
Stack trace:
#0 C:\wamp64\www\bmnunsulbar\system\Database\MySQLi\Connection.php(186): mysqli->real_connect('localhost', 'root', Object(SensitiveParameterValue), 'db_bmnunsulbar', 3306, '', 0)
#1 C:\wamp64\www\bmnunsulbar\system\Database\BaseConnection.php(421): CodeIgniter\Database\MySQLi\Connection->connect(false)
#2 C:\wamp64\www\bmnunsulbar\system\Database\BaseConnection.php(616): CodeIgniter\Database\BaseConnection->initialize()
#3 C:\wamp64\www\bmnunsulbar\system\Database\BaseBuilder.php(1644): CodeIgniter\Database\BaseConnection->query('SELECT *\nFROM `...', Array, false)
#4 C:\wamp64\www\bmnunsulbar\app\Views\v_template.php(26): CodeIgniter\Database\BaseBuilder->get()
#5 C:\wamp64\www\bmnunsulbar\system\View\View.php(234): include('C:\\wamp64\\www\\b...')
#6 C:\wamp64\www\bmnunsulbar\system\View\View.php(237): CodeIgniter\View\View->CodeIgniter\View\{closure}()
#7 C:\wamp64\www\bmnunsulbar\system\Common.php(1169): CodeIgniter\View\View->render('v_template', Array, true)
#8 C:\wamp64\www\bmnunsulbar\app\Controllers\Home.php(13): view('v_template', Array)
#9 C:\wamp64\www\bmnunsulbar\system\CodeIgniter.php(933): App\Controllers\Home->index()
#10 C:\wamp64\www\bmnunsulbar\system\CodeIgniter.php(509): CodeIgniter\CodeIgniter->runController(Object(App\Controllers\Home))
#11 C:\wamp64\www\bmnunsulbar\system\CodeIgniter.php(355): CodeIgniter\CodeIgniter->handleRequest(NULL, Object(Config\Cache), false)
#12 C:\wamp64\www\bmnunsulbar\system\Boot.php(325): CodeIgniter\CodeIgniter->run()
#13 C:\wamp64\www\bmnunsulbar\system\Boot.php(67): CodeIgniter\Boot::runCodeIgniter(Object(CodeIgniter\CodeIgniter))
#14 C:\wamp64\www\bmnunsulbar\public\index.php(56): CodeIgniter\Boot::bootWeb(Object(Config\Paths))
#15 C:\wamp64\www\bmnunsulbar\system\rewrite.php(44): require_once('C:\\wamp64\\www\\b...')
#16 {main}

Next CodeIgniter\Database\Exceptions\DatabaseException: No connection could be made because the target machine actively refused it in C:\wamp64\www\bmnunsulbar\system\Database\MySQLi\Connection.php:231
Stack trace:
#0 C:\wamp64\www\bmnunsulbar\system\Database\BaseConnection.php(421): CodeIgniter\Database\MySQLi\Connection->connect(false)
#1 C:\wamp64\www\bmnunsulbar\system\Database\BaseConnection.php(616): CodeIgniter\Database\BaseConnection->initialize()
#2 C:\wamp64\www\bmnunsulbar\system\Database\BaseBuilder.php(1644): CodeIgniter\Database\BaseConnection->query('SELECT *\nFROM `...', Array, false)
#3 C:\wamp64\www\bmnunsulbar\app\Views\v_template.php(26): CodeIgniter\Database\BaseBuilder->get()
#4 C:\wamp64\www\bmnunsulbar\system\View\View.php(234): include('C:\\wamp64\\www\\b...')
#5 C:\wamp64\www\bmnunsulbar\system\View\View.php(237): CodeIgniter\View\View->CodeIgniter\View\{closure}()
#6 C:\wamp64\www\bmnunsulbar\system\Common.php(1169): CodeIgniter\View\View->render('v_template', Array, true)
#7 C:\wamp64\www\bmnunsulbar\app\Controllers\Home.php(13): view('v_template', Array)
#8 C:\wamp64\www\bmnunsulbar\system\CodeIgniter.php(933): App\Controllers\Home->index()
#9 C:\wamp64\www\bmnunsulbar\system\CodeIgniter.php(509): CodeIgniter\CodeIgniter->runController(Object(App\Controllers\Home))
#10 C:\wamp64\www\bmnunsulbar\system\CodeIgniter.php(355): CodeIgniter\CodeIgniter->handleRequest(NULL, Object(Config\Cache), false)
#11 C:\wamp64\www\bmnunsulbar\system\Boot.php(325): CodeIgniter\CodeIgniter->run()
#12 C:\wamp64\www\bmnunsulbar\system\Boot.php(67): CodeIgniter\Boot::runCodeIgniter(Object(CodeIgniter\CodeIgniter))
#13 C:\wamp64\www\bmnunsulbar\public\index.php(56): CodeIgniter\Boot::bootWeb(Object(Config\Paths))
#14 C:\wamp64\www\bmnunsulbar\system\rewrite.php(44): require_once('C:\\wamp64\\www\\b...')
#15 {main}
CRITICAL - 2024-09-07 09:52:59 --> CodeIgniter\Database\Exceptions\DatabaseException: Unable to connect to the database.
Main connection [MySQLi]: No connection could be made because the target machine actively refused it
[Method: GET, Route: /]
in SYSTEMPATH\Database\BaseConnection.php on line 467.
 1 SYSTEMPATH\Database\BaseConnection.php(616): CodeIgniter\Database\BaseConnection->initialize()
 2 SYSTEMPATH\Database\BaseBuilder.php(1644): CodeIgniter\Database\BaseConnection->query('SELECT *
FROM `tbl_web`
WHERE `id_web` = :id_web:', [...], false)
 3 APPPATH\Views\v_template.php(26): CodeIgniter\Database\BaseBuilder->get()
 4 SYSTEMPATH\View\View.php(234): include('C:\\wamp64\\www\\bmnunsulbar\\app\\Views\\v_template.php')
 5 SYSTEMPATH\View\View.php(237): CodeIgniter\View\View->CodeIgniter\View\{closure}()
 6 SYSTEMPATH\Common.php(1169): CodeIgniter\View\View->render('v_template', [], true)
 7 APPPATH\Controllers\Home.php(13): view('v_template', [...])
 8 SYSTEMPATH\CodeIgniter.php(933): App\Controllers\Home->index()
 9 SYSTEMPATH\CodeIgniter.php(509): CodeIgniter\CodeIgniter->runController(Object(App\Controllers\Home))
10 SYSTEMPATH\CodeIgniter.php(355): CodeIgniter\CodeIgniter->handleRequest(null, Object(Config\Cache), false)
11 SYSTEMPATH\Boot.php(325): CodeIgniter\CodeIgniter->run()
12 SYSTEMPATH\Boot.php(67): CodeIgniter\Boot::runCodeIgniter(Object(CodeIgniter\CodeIgniter))
13 FCPATH\index.php(56): CodeIgniter\Boot::bootWeb(Object(Config\Paths))
14 SYSTEMPATH\rewrite.php(44): require_once('C:\\wamp64\\www\\bmnunsulbar\\public\\index.php')
ERROR - 2024-09-07 09:53:04 --> Error connecting to the database: mysqli_sql_exception: No connection could be made because the target machine actively refused it in C:\wamp64\www\bmnunsulbar\system\Database\MySQLi\Connection.php:186
Stack trace:
#0 C:\wamp64\www\bmnunsulbar\system\Database\MySQLi\Connection.php(186): mysqli->real_connect('localhost', 'root', Object(SensitiveParameterValue), 'db_bmnunsulbar', 3306, '', 0)
#1 C:\wamp64\www\bmnunsulbar\system\Database\BaseConnection.php(421): CodeIgniter\Database\MySQLi\Connection->connect(false)
#2 C:\wamp64\www\bmnunsulbar\system\Database\BaseConnection.php(616): CodeIgniter\Database\BaseConnection->initialize()
#3 C:\wamp64\www\bmnunsulbar\system\Database\BaseBuilder.php(1644): CodeIgniter\Database\BaseConnection->query('SELECT *\nFROM `...', Array, false)
#4 C:\wamp64\www\bmnunsulbar\app\Views\v_template.php(26): CodeIgniter\Database\BaseBuilder->get()
#5 C:\wamp64\www\bmnunsulbar\system\View\View.php(234): include('C:\\wamp64\\www\\b...')
#6 C:\wamp64\www\bmnunsulbar\system\View\View.php(237): CodeIgniter\View\View->CodeIgniter\View\{closure}()
#7 C:\wamp64\www\bmnunsulbar\system\Common.php(1169): CodeIgniter\View\View->render('v_template', Array, true)
#8 C:\wamp64\www\bmnunsulbar\app\Controllers\Home.php(13): view('v_template', Array)
#9 C:\wamp64\www\bmnunsulbar\system\CodeIgniter.php(933): App\Controllers\Home->index()
#10 C:\wamp64\www\bmnunsulbar\system\CodeIgniter.php(509): CodeIgniter\CodeIgniter->runController(Object(App\Controllers\Home))
#11 C:\wamp64\www\bmnunsulbar\system\CodeIgniter.php(355): CodeIgniter\CodeIgniter->handleRequest(NULL, Object(Config\Cache), false)
#12 C:\wamp64\www\bmnunsulbar\system\Boot.php(325): CodeIgniter\CodeIgniter->run()
#13 C:\wamp64\www\bmnunsulbar\system\Boot.php(67): CodeIgniter\Boot::runCodeIgniter(Object(CodeIgniter\CodeIgniter))
#14 C:\wamp64\www\bmnunsulbar\public\index.php(56): CodeIgniter\Boot::bootWeb(Object(Config\Paths))
#15 C:\wamp64\www\bmnunsulbar\system\rewrite.php(44): require_once('C:\\wamp64\\www\\b...')
#16 {main}

Next CodeIgniter\Database\Exceptions\DatabaseException: No connection could be made because the target machine actively refused it in C:\wamp64\www\bmnunsulbar\system\Database\MySQLi\Connection.php:231
Stack trace:
#0 C:\wamp64\www\bmnunsulbar\system\Database\BaseConnection.php(421): CodeIgniter\Database\MySQLi\Connection->connect(false)
#1 C:\wamp64\www\bmnunsulbar\system\Database\BaseConnection.php(616): CodeIgniter\Database\BaseConnection->initialize()
#2 C:\wamp64\www\bmnunsulbar\system\Database\BaseBuilder.php(1644): CodeIgniter\Database\BaseConnection->query('SELECT *\nFROM `...', Array, false)
#3 C:\wamp64\www\bmnunsulbar\app\Views\v_template.php(26): CodeIgniter\Database\BaseBuilder->get()
#4 C:\wamp64\www\bmnunsulbar\system\View\View.php(234): include('C:\\wamp64\\www\\b...')
#5 C:\wamp64\www\bmnunsulbar\system\View\View.php(237): CodeIgniter\View\View->CodeIgniter\View\{closure}()
#6 C:\wamp64\www\bmnunsulbar\system\Common.php(1169): CodeIgniter\View\View->render('v_template', Array, true)
#7 C:\wamp64\www\bmnunsulbar\app\Controllers\Home.php(13): view('v_template', Array)
#8 C:\wamp64\www\bmnunsulbar\system\CodeIgniter.php(933): App\Controllers\Home->index()
#9 C:\wamp64\www\bmnunsulbar\system\CodeIgniter.php(509): CodeIgniter\CodeIgniter->runController(Object(App\Controllers\Home))
#10 C:\wamp64\www\bmnunsulbar\system\CodeIgniter.php(355): CodeIgniter\CodeIgniter->handleRequest(NULL, Object(Config\Cache), false)
#11 C:\wamp64\www\bmnunsulbar\system\Boot.php(325): CodeIgniter\CodeIgniter->run()
#12 C:\wamp64\www\bmnunsulbar\system\Boot.php(67): CodeIgniter\Boot::runCodeIgniter(Object(CodeIgniter\CodeIgniter))
#13 C:\wamp64\www\bmnunsulbar\public\index.php(56): CodeIgniter\Boot::bootWeb(Object(Config\Paths))
#14 C:\wamp64\www\bmnunsulbar\system\rewrite.php(44): require_once('C:\\wamp64\\www\\b...')
#15 {main}
CRITICAL - 2024-09-07 09:53:04 --> CodeIgniter\Database\Exceptions\DatabaseException: Unable to connect to the database.
Main connection [MySQLi]: No connection could be made because the target machine actively refused it
[Method: GET, Route: /]
in SYSTEMPATH\Database\BaseConnection.php on line 467.
 1 SYSTEMPATH\Database\BaseConnection.php(616): CodeIgniter\Database\BaseConnection->initialize()
 2 SYSTEMPATH\Database\BaseBuilder.php(1644): CodeIgniter\Database\BaseConnection->query('SELECT *
FROM `tbl_web`
WHERE `id_web` = :id_web:', [...], false)
 3 APPPATH\Views\v_template.php(26): CodeIgniter\Database\BaseBuilder->get()
 4 SYSTEMPATH\View\View.php(234): include('C:\\wamp64\\www\\bmnunsulbar\\app\\Views\\v_template.php')
 5 SYSTEMPATH\View\View.php(237): CodeIgniter\View\View->CodeIgniter\View\{closure}()
 6 SYSTEMPATH\Common.php(1169): CodeIgniter\View\View->render('v_template', [], true)
 7 APPPATH\Controllers\Home.php(13): view('v_template', [...])
 8 SYSTEMPATH\CodeIgniter.php(933): App\Controllers\Home->index()
 9 SYSTEMPATH\CodeIgniter.php(509): CodeIgniter\CodeIgniter->runController(Object(App\Controllers\Home))
10 SYSTEMPATH\CodeIgniter.php(355): CodeIgniter\CodeIgniter->handleRequest(null, Object(Config\Cache), false)
11 SYSTEMPATH\Boot.php(325): CodeIgniter\CodeIgniter->run()
12 SYSTEMPATH\Boot.php(67): CodeIgniter\Boot::runCodeIgniter(Object(CodeIgniter\CodeIgniter))
13 FCPATH\index.php(56): CodeIgniter\Boot::bootWeb(Object(Config\Paths))
14 SYSTEMPATH\rewrite.php(44): require_once('C:\\wamp64\\www\\bmnunsulbar\\public\\index.php')
ERROR - 2024-09-07 09:53:08 --> Error connecting to the database: mysqli_sql_exception: No connection could be made because the target machine actively refused it in C:\wamp64\www\bmnunsulbar\system\Database\MySQLi\Connection.php:186
Stack trace:
#0 C:\wamp64\www\bmnunsulbar\system\Database\MySQLi\Connection.php(186): mysqli->real_connect('localhost', 'root', Object(SensitiveParameterValue), 'db_bmnunsulbar', 3306, '', 0)
#1 C:\wamp64\www\bmnunsulbar\system\Database\BaseConnection.php(421): CodeIgniter\Database\MySQLi\Connection->connect(false)
#2 C:\wamp64\www\bmnunsulbar\system\Database\BaseConnection.php(616): CodeIgniter\Database\BaseConnection->initialize()
#3 C:\wamp64\www\bmnunsulbar\system\Database\BaseBuilder.php(1644): CodeIgniter\Database\BaseConnection->query('SELECT *\nFROM `...', Array, false)
#4 C:\wamp64\www\bmnunsulbar\app\Views\v_template.php(26): CodeIgniter\Database\BaseBuilder->get()
#5 C:\wamp64\www\bmnunsulbar\system\View\View.php(234): include('C:\\wamp64\\www\\b...')
#6 C:\wamp64\www\bmnunsulbar\system\View\View.php(237): CodeIgniter\View\View->CodeIgniter\View\{closure}()
#7 C:\wamp64\www\bmnunsulbar\system\Common.php(1169): CodeIgniter\View\View->render('v_template', Array, true)
#8 C:\wamp64\www\bmnunsulbar\app\Controllers\Home.php(13): view('v_template', Array)
#9 C:\wamp64\www\bmnunsulbar\system\CodeIgniter.php(933): App\Controllers\Home->index()
#10 C:\wamp64\www\bmnunsulbar\system\CodeIgniter.php(509): CodeIgniter\CodeIgniter->runController(Object(App\Controllers\Home))
#11 C:\wamp64\www\bmnunsulbar\system\CodeIgniter.php(355): CodeIgniter\CodeIgniter->handleRequest(NULL, Object(Config\Cache), false)
#12 C:\wamp64\www\bmnunsulbar\system\Boot.php(325): CodeIgniter\CodeIgniter->run()
#13 C:\wamp64\www\bmnunsulbar\system\Boot.php(67): CodeIgniter\Boot::runCodeIgniter(Object(CodeIgniter\CodeIgniter))
#14 C:\wamp64\www\bmnunsulbar\public\index.php(56): CodeIgniter\Boot::bootWeb(Object(Config\Paths))
#15 C:\wamp64\www\bmnunsulbar\system\rewrite.php(44): require_once('C:\\wamp64\\www\\b...')
#16 {main}

Next CodeIgniter\Database\Exceptions\DatabaseException: No connection could be made because the target machine actively refused it in C:\wamp64\www\bmnunsulbar\system\Database\MySQLi\Connection.php:231
Stack trace:
#0 C:\wamp64\www\bmnunsulbar\system\Database\BaseConnection.php(421): CodeIgniter\Database\MySQLi\Connection->connect(false)
#1 C:\wamp64\www\bmnunsulbar\system\Database\BaseConnection.php(616): CodeIgniter\Database\BaseConnection->initialize()
#2 C:\wamp64\www\bmnunsulbar\system\Database\BaseBuilder.php(1644): CodeIgniter\Database\BaseConnection->query('SELECT *\nFROM `...', Array, false)
#3 C:\wamp64\www\bmnunsulbar\app\Views\v_template.php(26): CodeIgniter\Database\BaseBuilder->get()
#4 C:\wamp64\www\bmnunsulbar\system\View\View.php(234): include('C:\\wamp64\\www\\b...')
#5 C:\wamp64\www\bmnunsulbar\system\View\View.php(237): CodeIgniter\View\View->CodeIgniter\View\{closure}()
#6 C:\wamp64\www\bmnunsulbar\system\Common.php(1169): CodeIgniter\View\View->render('v_template', Array, true)
#7 C:\wamp64\www\bmnunsulbar\app\Controllers\Home.php(13): view('v_template', Array)
#8 C:\wamp64\www\bmnunsulbar\system\CodeIgniter.php(933): App\Controllers\Home->index()
#9 C:\wamp64\www\bmnunsulbar\system\CodeIgniter.php(509): CodeIgniter\CodeIgniter->runController(Object(App\Controllers\Home))
#10 C:\wamp64\www\bmnunsulbar\system\CodeIgniter.php(355): CodeIgniter\CodeIgniter->handleRequest(NULL, Object(Config\Cache), false)
#11 C:\wamp64\www\bmnunsulbar\system\Boot.php(325): CodeIgniter\CodeIgniter->run()
#12 C:\wamp64\www\bmnunsulbar\system\Boot.php(67): CodeIgniter\Boot::runCodeIgniter(Object(CodeIgniter\CodeIgniter))
#13 C:\wamp64\www\bmnunsulbar\public\index.php(56): CodeIgniter\Boot::bootWeb(Object(Config\Paths))
#14 C:\wamp64\www\bmnunsulbar\system\rewrite.php(44): require_once('C:\\wamp64\\www\\b...')
#15 {main}
CRITICAL - 2024-09-07 09:53:08 --> CodeIgniter\Database\Exceptions\DatabaseException: Unable to connect to the database.
Main connection [MySQLi]: No connection could be made because the target machine actively refused it
[Method: GET, Route: /]
in SYSTEMPATH\Database\BaseConnection.php on line 467.
 1 SYSTEMPATH\Database\BaseConnection.php(616): CodeIgniter\Database\BaseConnection->initialize()
 2 SYSTEMPATH\Database\BaseBuilder.php(1644): CodeIgniter\Database\BaseConnection->query('SELECT *
FROM `tbl_web`
WHERE `id_web` = :id_web:', [...], false)
 3 APPPATH\Views\v_template.php(26): CodeIgniter\Database\BaseBuilder->get()
 4 SYSTEMPATH\View\View.php(234): include('C:\\wamp64\\www\\bmnunsulbar\\app\\Views\\v_template.php')
 5 SYSTEMPATH\View\View.php(237): CodeIgniter\View\View->CodeIgniter\View\{closure}()
 6 SYSTEMPATH\Common.php(1169): CodeIgniter\View\View->render('v_template', [], true)
 7 APPPATH\Controllers\Home.php(13): view('v_template', [...])
 8 SYSTEMPATH\CodeIgniter.php(933): App\Controllers\Home->index()
 9 SYSTEMPATH\CodeIgniter.php(509): CodeIgniter\CodeIgniter->runController(Object(App\Controllers\Home))
10 SYSTEMPATH\CodeIgniter.php(355): CodeIgniter\CodeIgniter->handleRequest(null, Object(Config\Cache), false)
11 SYSTEMPATH\Boot.php(325): CodeIgniter\CodeIgniter->run()
12 SYSTEMPATH\Boot.php(67): CodeIgniter\Boot::runCodeIgniter(Object(CodeIgniter\CodeIgniter))
13 FCPATH\index.php(56): CodeIgniter\Boot::bootWeb(Object(Config\Paths))
14 SYSTEMPATH\rewrite.php(44): require_once('C:\\wamp64\\www\\bmnunsulbar\\public\\index.php')
ERROR - 2024-09-07 09:53:13 --> Error connecting to the database: mysqli_sql_exception: No connection could be made because the target machine actively refused it in C:\wamp64\www\bmnunsulbar\system\Database\MySQLi\Connection.php:186
Stack trace:
#0 C:\wamp64\www\bmnunsulbar\system\Database\MySQLi\Connection.php(186): mysqli->real_connect('localhost', 'root', Object(SensitiveParameterValue), 'db_bmnunsulbar', 3306, '', 0)
#1 C:\wamp64\www\bmnunsulbar\system\Database\BaseConnection.php(421): CodeIgniter\Database\MySQLi\Connection->connect(false)
#2 C:\wamp64\www\bmnunsulbar\system\Database\BaseConnection.php(616): CodeIgniter\Database\BaseConnection->initialize()
#3 C:\wamp64\www\bmnunsulbar\system\Database\BaseBuilder.php(1644): CodeIgniter\Database\BaseConnection->query('SELECT *\nFROM `...', Array, false)
#4 C:\wamp64\www\bmnunsulbar\app\Views\v_template.php(26): CodeIgniter\Database\BaseBuilder->get()
#5 C:\wamp64\www\bmnunsulbar\system\View\View.php(234): include('C:\\wamp64\\www\\b...')
#6 C:\wamp64\www\bmnunsulbar\system\View\View.php(237): CodeIgniter\View\View->CodeIgniter\View\{closure}()
#7 C:\wamp64\www\bmnunsulbar\system\Common.php(1169): CodeIgniter\View\View->render('v_template', Array, true)
#8 C:\wamp64\www\bmnunsulbar\app\Controllers\Home.php(13): view('v_template', Array)
#9 C:\wamp64\www\bmnunsulbar\system\CodeIgniter.php(933): App\Controllers\Home->index()
#10 C:\wamp64\www\bmnunsulbar\system\CodeIgniter.php(509): CodeIgniter\CodeIgniter->runController(Object(App\Controllers\Home))
#11 C:\wamp64\www\bmnunsulbar\system\CodeIgniter.php(355): CodeIgniter\CodeIgniter->handleRequest(NULL, Object(Config\Cache), false)
#12 C:\wamp64\www\bmnunsulbar\system\Boot.php(325): CodeIgniter\CodeIgniter->run()
#13 C:\wamp64\www\bmnunsulbar\system\Boot.php(67): CodeIgniter\Boot::runCodeIgniter(Object(CodeIgniter\CodeIgniter))
#14 C:\wamp64\www\bmnunsulbar\public\index.php(56): CodeIgniter\Boot::bootWeb(Object(Config\Paths))
#15 C:\wamp64\www\bmnunsulbar\system\rewrite.php(44): require_once('C:\\wamp64\\www\\b...')
#16 {main}

Next CodeIgniter\Database\Exceptions\DatabaseException: No connection could be made because the target machine actively refused it in C:\wamp64\www\bmnunsulbar\system\Database\MySQLi\Connection.php:231
Stack trace:
#0 C:\wamp64\www\bmnunsulbar\system\Database\BaseConnection.php(421): CodeIgniter\Database\MySQLi\Connection->connect(false)
#1 C:\wamp64\www\bmnunsulbar\system\Database\BaseConnection.php(616): CodeIgniter\Database\BaseConnection->initialize()
#2 C:\wamp64\www\bmnunsulbar\system\Database\BaseBuilder.php(1644): CodeIgniter\Database\BaseConnection->query('SELECT *\nFROM `...', Array, false)
#3 C:\wamp64\www\bmnunsulbar\app\Views\v_template.php(26): CodeIgniter\Database\BaseBuilder->get()
#4 C:\wamp64\www\bmnunsulbar\system\View\View.php(234): include('C:\\wamp64\\www\\b...')
#5 C:\wamp64\www\bmnunsulbar\system\View\View.php(237): CodeIgniter\View\View->CodeIgniter\View\{closure}()
#6 C:\wamp64\www\bmnunsulbar\system\Common.php(1169): CodeIgniter\View\View->render('v_template', Array, true)
#7 C:\wamp64\www\bmnunsulbar\app\Controllers\Home.php(13): view('v_template', Array)
#8 C:\wamp64\www\bmnunsulbar\system\CodeIgniter.php(933): App\Controllers\Home->index()
#9 C:\wamp64\www\bmnunsulbar\system\CodeIgniter.php(509): CodeIgniter\CodeIgniter->runController(Object(App\Controllers\Home))
#10 C:\wamp64\www\bmnunsulbar\system\CodeIgniter.php(355): CodeIgniter\CodeIgniter->handleRequest(NULL, Object(Config\Cache), false)
#11 C:\wamp64\www\bmnunsulbar\system\Boot.php(325): CodeIgniter\CodeIgniter->run()
#12 C:\wamp64\www\bmnunsulbar\system\Boot.php(67): CodeIgniter\Boot::runCodeIgniter(Object(CodeIgniter\CodeIgniter))
#13 C:\wamp64\www\bmnunsulbar\public\index.php(56): CodeIgniter\Boot::bootWeb(Object(Config\Paths))
#14 C:\wamp64\www\bmnunsulbar\system\rewrite.php(44): require_once('C:\\wamp64\\www\\b...')
#15 {main}
CRITICAL - 2024-09-07 09:53:13 --> CodeIgniter\Database\Exceptions\DatabaseException: Unable to connect to the database.
Main connection [MySQLi]: No connection could be made because the target machine actively refused it
[Method: GET, Route: /]
in SYSTEMPATH\Database\BaseConnection.php on line 467.
 1 SYSTEMPATH\Database\BaseConnection.php(616): CodeIgniter\Database\BaseConnection->initialize()
 2 SYSTEMPATH\Database\BaseBuilder.php(1644): CodeIgniter\Database\BaseConnection->query('SELECT *
FROM `tbl_web`
WHERE `id_web` = :id_web:', [...], false)
 3 APPPATH\Views\v_template.php(26): CodeIgniter\Database\BaseBuilder->get()
 4 SYSTEMPATH\View\View.php(234): include('C:\\wamp64\\www\\bmnunsulbar\\app\\Views\\v_template.php')
 5 SYSTEMPATH\View\View.php(237): CodeIgniter\View\View->CodeIgniter\View\{closure}()
 6 SYSTEMPATH\Common.php(1169): CodeIgniter\View\View->render('v_template', [], true)
 7 APPPATH\Controllers\Home.php(13): view('v_template', [...])
 8 SYSTEMPATH\CodeIgniter.php(933): App\Controllers\Home->index()
 9 SYSTEMPATH\CodeIgniter.php(509): CodeIgniter\CodeIgniter->runController(Object(App\Controllers\Home))
10 SYSTEMPATH\CodeIgniter.php(355): CodeIgniter\CodeIgniter->handleRequest(null, Object(Config\Cache), false)
11 SYSTEMPATH\Boot.php(325): CodeIgniter\CodeIgniter->run()
12 SYSTEMPATH\Boot.php(67): CodeIgniter\Boot::runCodeIgniter(Object(CodeIgniter\CodeIgniter))
13 FCPATH\index.php(56): CodeIgniter\Boot::bootWeb(Object(Config\Paths))
14 SYSTEMPATH\rewrite.php(44): require_once('C:\\wamp64\\www\\bmnunsulbar\\public\\index.php')
ERROR - 2024-09-07 09:53:18 --> Error connecting to the database: mysqli_sql_exception: No connection could be made because the target machine actively refused it in C:\wamp64\www\bmnunsulbar\system\Database\MySQLi\Connection.php:186
Stack trace:
#0 C:\wamp64\www\bmnunsulbar\system\Database\MySQLi\Connection.php(186): mysqli->real_connect('localhost', 'root', Object(SensitiveParameterValue), 'db_bmnunsulbar', 3306, '', 0)
#1 C:\wamp64\www\bmnunsulbar\system\Database\BaseConnection.php(421): CodeIgniter\Database\MySQLi\Connection->connect(false)
#2 C:\wamp64\www\bmnunsulbar\system\Database\BaseConnection.php(616): CodeIgniter\Database\BaseConnection->initialize()
#3 C:\wamp64\www\bmnunsulbar\system\Database\BaseBuilder.php(1644): CodeIgniter\Database\BaseConnection->query('SELECT *\nFROM `...', Array, false)
#4 C:\wamp64\www\bmnunsulbar\app\Views\v_template.php(26): CodeIgniter\Database\BaseBuilder->get()
#5 C:\wamp64\www\bmnunsulbar\system\View\View.php(234): include('C:\\wamp64\\www\\b...')
#6 C:\wamp64\www\bmnunsulbar\system\View\View.php(237): CodeIgniter\View\View->CodeIgniter\View\{closure}()
#7 C:\wamp64\www\bmnunsulbar\system\Common.php(1169): CodeIgniter\View\View->render('v_template', Array, true)
#8 C:\wamp64\www\bmnunsulbar\app\Controllers\Home.php(13): view('v_template', Array)
#9 C:\wamp64\www\bmnunsulbar\system\CodeIgniter.php(933): App\Controllers\Home->index()
#10 C:\wamp64\www\bmnunsulbar\system\CodeIgniter.php(509): CodeIgniter\CodeIgniter->runController(Object(App\Controllers\Home))
#11 C:\wamp64\www\bmnunsulbar\system\CodeIgniter.php(355): CodeIgniter\CodeIgniter->handleRequest(NULL, Object(Config\Cache), false)
#12 C:\wamp64\www\bmnunsulbar\system\Boot.php(325): CodeIgniter\CodeIgniter->run()
#13 C:\wamp64\www\bmnunsulbar\system\Boot.php(67): CodeIgniter\Boot::runCodeIgniter(Object(CodeIgniter\CodeIgniter))
#14 C:\wamp64\www\bmnunsulbar\public\index.php(56): CodeIgniter\Boot::bootWeb(Object(Config\Paths))
#15 C:\wamp64\www\bmnunsulbar\system\rewrite.php(44): require_once('C:\\wamp64\\www\\b...')
#16 {main}

Next CodeIgniter\Database\Exceptions\DatabaseException: No connection could be made because the target machine actively refused it in C:\wamp64\www\bmnunsulbar\system\Database\MySQLi\Connection.php:231
Stack trace:
#0 C:\wamp64\www\bmnunsulbar\system\Database\BaseConnection.php(421): CodeIgniter\Database\MySQLi\Connection->connect(false)
#1 C:\wamp64\www\bmnunsulbar\system\Database\BaseConnection.php(616): CodeIgniter\Database\BaseConnection->initialize()
#2 C:\wamp64\www\bmnunsulbar\system\Database\BaseBuilder.php(1644): CodeIgniter\Database\BaseConnection->query('SELECT *\nFROM `...', Array, false)
#3 C:\wamp64\www\bmnunsulbar\app\Views\v_template.php(26): CodeIgniter\Database\BaseBuilder->get()
#4 C:\wamp64\www\bmnunsulbar\system\View\View.php(234): include('C:\\wamp64\\www\\b...')
#5 C:\wamp64\www\bmnunsulbar\system\View\View.php(237): CodeIgniter\View\View->CodeIgniter\View\{closure}()
#6 C:\wamp64\www\bmnunsulbar\system\Common.php(1169): CodeIgniter\View\View->render('v_template', Array, true)
#7 C:\wamp64\www\bmnunsulbar\app\Controllers\Home.php(13): view('v_template', Array)
#8 C:\wamp64\www\bmnunsulbar\system\CodeIgniter.php(933): App\Controllers\Home->index()
#9 C:\wamp64\www\bmnunsulbar\system\CodeIgniter.php(509): CodeIgniter\CodeIgniter->runController(Object(App\Controllers\Home))
#10 C:\wamp64\www\bmnunsulbar\system\CodeIgniter.php(355): CodeIgniter\CodeIgniter->handleRequest(NULL, Object(Config\Cache), false)
#11 C:\wamp64\www\bmnunsulbar\system\Boot.php(325): CodeIgniter\CodeIgniter->run()
#12 C:\wamp64\www\bmnunsulbar\system\Boot.php(67): CodeIgniter\Boot::runCodeIgniter(Object(CodeIgniter\CodeIgniter))
#13 C:\wamp64\www\bmnunsulbar\public\index.php(56): CodeIgniter\Boot::bootWeb(Object(Config\Paths))
#14 C:\wamp64\www\bmnunsulbar\system\rewrite.php(44): require_once('C:\\wamp64\\www\\b...')
#15 {main}
CRITICAL - 2024-09-07 09:53:18 --> CodeIgniter\Database\Exceptions\DatabaseException: Unable to connect to the database.
Main connection [MySQLi]: No connection could be made because the target machine actively refused it
[Method: GET, Route: /]
in SYSTEMPATH\Database\BaseConnection.php on line 467.
 1 SYSTEMPATH\Database\BaseConnection.php(616): CodeIgniter\Database\BaseConnection->initialize()
 2 SYSTEMPATH\Database\BaseBuilder.php(1644): CodeIgniter\Database\BaseConnection->query('SELECT *
FROM `tbl_web`
WHERE `id_web` = :id_web:', [...], false)
 3 APPPATH\Views\v_template.php(26): CodeIgniter\Database\BaseBuilder->get()
 4 SYSTEMPATH\View\View.php(234): include('C:\\wamp64\\www\\bmnunsulbar\\app\\Views\\v_template.php')
 5 SYSTEMPATH\View\View.php(237): CodeIgniter\View\View->CodeIgniter\View\{closure}()
 6 SYSTEMPATH\Common.php(1169): CodeIgniter\View\View->render('v_template', [], true)
 7 APPPATH\Controllers\Home.php(13): view('v_template', [...])
 8 SYSTEMPATH\CodeIgniter.php(933): App\Controllers\Home->index()
 9 SYSTEMPATH\CodeIgniter.php(509): CodeIgniter\CodeIgniter->runController(Object(App\Controllers\Home))
10 SYSTEMPATH\CodeIgniter.php(355): CodeIgniter\CodeIgniter->handleRequest(null, Object(Config\Cache), false)
11 SYSTEMPATH\Boot.php(325): CodeIgniter\CodeIgniter->run()
12 SYSTEMPATH\Boot.php(67): CodeIgniter\Boot::runCodeIgniter(Object(CodeIgniter\CodeIgniter))
13 FCPATH\index.php(56): CodeIgniter\Boot::bootWeb(Object(Config\Paths))
14 SYSTEMPATH\rewrite.php(44): require_once('C:\\wamp64\\www\\bmnunsulbar\\public\\index.php')
ERROR - 2024-09-07 09:56:25 --> Error connecting to the database: mysqli_sql_exception: No connection could be made because the target machine actively refused it in C:\wamp64\www\bmnunsulbar\system\Database\MySQLi\Connection.php:186
Stack trace:
#0 C:\wamp64\www\bmnunsulbar\system\Database\MySQLi\Connection.php(186): mysqli->real_connect('localhost', 'root', Object(SensitiveParameterValue), 'db_bmnunsulbar', 3306, '', 0)
#1 C:\wamp64\www\bmnunsulbar\system\Database\BaseConnection.php(421): CodeIgniter\Database\MySQLi\Connection->connect(false)
#2 C:\wamp64\www\bmnunsulbar\system\Database\BaseConnection.php(616): CodeIgniter\Database\BaseConnection->initialize()
#3 C:\wamp64\www\bmnunsulbar\system\Database\BaseBuilder.php(1644): CodeIgniter\Database\BaseConnection->query('SELECT *\nFROM `...', Array, false)
#4 C:\wamp64\www\bmnunsulbar\app\Views\v_template.php(26): CodeIgniter\Database\BaseBuilder->get()
#5 C:\wamp64\www\bmnunsulbar\system\View\View.php(234): include('C:\\wamp64\\www\\b...')
#6 C:\wamp64\www\bmnunsulbar\system\View\View.php(237): CodeIgniter\View\View->CodeIgniter\View\{closure}()
#7 C:\wamp64\www\bmnunsulbar\system\Common.php(1169): CodeIgniter\View\View->render('v_template', Array, true)
#8 C:\wamp64\www\bmnunsulbar\app\Controllers\Home.php(13): view('v_template', Array)
#9 C:\wamp64\www\bmnunsulbar\system\CodeIgniter.php(933): App\Controllers\Home->index()
#10 C:\wamp64\www\bmnunsulbar\system\CodeIgniter.php(509): CodeIgniter\CodeIgniter->runController(Object(App\Controllers\Home))
#11 C:\wamp64\www\bmnunsulbar\system\CodeIgniter.php(355): CodeIgniter\CodeIgniter->handleRequest(NULL, Object(Config\Cache), false)
#12 C:\wamp64\www\bmnunsulbar\system\Boot.php(325): CodeIgniter\CodeIgniter->run()
#13 C:\wamp64\www\bmnunsulbar\system\Boot.php(67): CodeIgniter\Boot::runCodeIgniter(Object(CodeIgniter\CodeIgniter))
#14 C:\wamp64\www\bmnunsulbar\public\index.php(56): CodeIgniter\Boot::bootWeb(Object(Config\Paths))
#15 C:\wamp64\www\bmnunsulbar\system\rewrite.php(44): require_once('C:\\wamp64\\www\\b...')
#16 {main}

Next CodeIgniter\Database\Exceptions\DatabaseException: No connection could be made because the target machine actively refused it in C:\wamp64\www\bmnunsulbar\system\Database\MySQLi\Connection.php:231
Stack trace:
#0 C:\wamp64\www\bmnunsulbar\system\Database\BaseConnection.php(421): CodeIgniter\Database\MySQLi\Connection->connect(false)
#1 C:\wamp64\www\bmnunsulbar\system\Database\BaseConnection.php(616): CodeIgniter\Database\BaseConnection->initialize()
#2 C:\wamp64\www\bmnunsulbar\system\Database\BaseBuilder.php(1644): CodeIgniter\Database\BaseConnection->query('SELECT *\nFROM `...', Array, false)
#3 C:\wamp64\www\bmnunsulbar\app\Views\v_template.php(26): CodeIgniter\Database\BaseBuilder->get()
#4 C:\wamp64\www\bmnunsulbar\system\View\View.php(234): include('C:\\wamp64\\www\\b...')
#5 C:\wamp64\www\bmnunsulbar\system\View\View.php(237): CodeIgniter\View\View->CodeIgniter\View\{closure}()
#6 C:\wamp64\www\bmnunsulbar\system\Common.php(1169): CodeIgniter\View\View->render('v_template', Array, true)
#7 C:\wamp64\www\bmnunsulbar\app\Controllers\Home.php(13): view('v_template', Array)
#8 C:\wamp64\www\bmnunsulbar\system\CodeIgniter.php(933): App\Controllers\Home->index()
#9 C:\wamp64\www\bmnunsulbar\system\CodeIgniter.php(509): CodeIgniter\CodeIgniter->runController(Object(App\Controllers\Home))
#10 C:\wamp64\www\bmnunsulbar\system\CodeIgniter.php(355): CodeIgniter\CodeIgniter->handleRequest(NULL, Object(Config\Cache), false)
#11 C:\wamp64\www\bmnunsulbar\system\Boot.php(325): CodeIgniter\CodeIgniter->run()
#12 C:\wamp64\www\bmnunsulbar\system\Boot.php(67): CodeIgniter\Boot::runCodeIgniter(Object(CodeIgniter\CodeIgniter))
#13 C:\wamp64\www\bmnunsulbar\public\index.php(56): CodeIgniter\Boot::bootWeb(Object(Config\Paths))
#14 C:\wamp64\www\bmnunsulbar\system\rewrite.php(44): require_once('C:\\wamp64\\www\\b...')
#15 {main}
CRITICAL - 2024-09-07 09:56:25 --> CodeIgniter\Database\Exceptions\DatabaseException: Unable to connect to the database.
Main connection [MySQLi]: No connection could be made because the target machine actively refused it
[Method: GET, Route: /]
in SYSTEMPATH\Database\BaseConnection.php on line 467.
 1 SYSTEMPATH\Database\BaseConnection.php(616): CodeIgniter\Database\BaseConnection->initialize()
 2 SYSTEMPATH\Database\BaseBuilder.php(1644): CodeIgniter\Database\BaseConnection->query('SELECT *
FROM `tbl_web`
WHERE `id_web` = :id_web:', [...], false)
 3 APPPATH\Views\v_template.php(26): CodeIgniter\Database\BaseBuilder->get()
 4 SYSTEMPATH\View\View.php(234): include('C:\\wamp64\\www\\bmnunsulbar\\app\\Views\\v_template.php')
 5 SYSTEMPATH\View\View.php(237): CodeIgniter\View\View->CodeIgniter\View\{closure}()
 6 SYSTEMPATH\Common.php(1169): CodeIgniter\View\View->render('v_template', [], true)
 7 APPPATH\Controllers\Home.php(13): view('v_template', [...])
 8 SYSTEMPATH\CodeIgniter.php(933): App\Controllers\Home->index()
 9 SYSTEMPATH\CodeIgniter.php(509): CodeIgniter\CodeIgniter->runController(Object(App\Controllers\Home))
10 SYSTEMPATH\CodeIgniter.php(355): CodeIgniter\CodeIgniter->handleRequest(null, Object(Config\Cache), false)
11 SYSTEMPATH\Boot.php(325): CodeIgniter\CodeIgniter->run()
12 SYSTEMPATH\Boot.php(67): CodeIgniter\Boot::runCodeIgniter(Object(CodeIgniter\CodeIgniter))
13 FCPATH\index.php(56): CodeIgniter\Boot::bootWeb(Object(Config\Paths))
14 SYSTEMPATH\rewrite.php(44): require_once('C:\\wamp64\\www\\bmnunsulbar\\public\\index.php')
INFO - 2024-09-07 11:02:58 --> Session: Class initialized using 'CodeIgniter\Session\Handlers\FileHandler' driver.
INFO - 2024-09-07 11:03:03 --> Session: Class initialized using 'CodeIgniter\Session\Handlers\FileHandler' driver.
INFO - 2024-09-07 11:03:03 --> Session: Class initialized using 'CodeIgniter\Session\Handlers\FileHandler' driver.
WARNING - 2024-09-07 11:03:03 --> [DEPRECATED] Creation of dynamic property App\Controllers\DashboardAnggota::$ModelAnggota is deprecated in APPPATH\Controllers\DashboardAnggota.php on line 15.
 1 SYSTEMPATH\CodeIgniter.php(903): App\Controllers\DashboardAnggota->__construct()
 2 SYSTEMPATH\CodeIgniter.php(500): CodeIgniter\CodeIgniter->createController()
 3 SYSTEMPATH\CodeIgniter.php(355): CodeIgniter\CodeIgniter->handleRequest(null, Object(Config\Cache), false)
 4 SYSTEMPATH\Boot.php(325): CodeIgniter\CodeIgniter->run()
 5 SYSTEMPATH\Boot.php(67): CodeIgniter\Boot::runCodeIgniter(Object(CodeIgniter\CodeIgniter))
 6 FCPATH\index.php(56): CodeIgniter\Boot::bootWeb(Object(Config\Paths))
INFO - 2024-09-07 11:03:43 --> Session: Class initialized using 'CodeIgniter\Session\Handlers\FileHandler' driver.
INFO - 2024-09-07 11:03:44 --> Session: Class initialized using 'CodeIgniter\Session\Handlers\FileHandler' driver.
INFO - 2024-09-07 11:04:43 --> Session: Class initialized using 'CodeIgniter\Session\Handlers\FileHandler' driver.
INFO - 2024-09-07 11:08:09 --> Session: Class initialized using 'CodeIgniter\Session\Handlers\FileHandler' driver.
INFO - 2024-09-07 11:08:13 --> Session: Class initialized using 'CodeIgniter\Session\Handlers\FileHandler' driver.
INFO - 2024-09-07 11:09:13 --> Session: Class initialized using 'CodeIgniter\Session\Handlers\FileHandler' driver.
INFO - 2024-09-07 11:09:13 --> Session: Class initialized using 'CodeIgniter\Session\Handlers\FileHandler' driver.
INFO - 2024-09-07 11:09:18 --> Session: Class initialized using 'CodeIgniter\Session\Handlers\FileHandler' driver.
INFO - 2024-09-07 11:09:31 --> Session: Class initialized using 'CodeIgniter\Session\Handlers\FileHandler' driver.
INFO - 2024-09-07 11:09:31 --> Session: Class initialized using 'CodeIgniter\Session\Handlers\FileHandler' driver.
INFO - 2024-09-07 11:11:44 --> Session: Class initialized using 'CodeIgniter\Session\Handlers\FileHandler' driver.
INFO - 2024-09-07 11:11:53 --> Session: Class initialized using 'CodeIgniter\Session\Handlers\FileHandler' driver.
INFO - 2024-09-07 11:11:53 --> Session: Class initialized using 'CodeIgniter\Session\Handlers\FileHandler' driver.
INFO - 2024-09-07 11:14:14 --> Session: Class initialized using 'CodeIgniter\Session\Handlers\FileHandler' driver.
INFO - 2024-09-07 11:16:02 --> Session: Class initialized using 'CodeIgniter\Session\Handlers\FileHandler' driver.
INFO - 2024-09-07 11:16:07 --> Session: Class initialized using 'CodeIgniter\Session\Handlers\FileHandler' driver.
INFO - 2024-09-07 11:16:08 --> Session: Class initialized using 'CodeIgniter\Session\Handlers\FileHandler' driver.
INFO - 2024-09-07 11:17:30 --> Session: Class initialized using 'CodeIgniter\Session\Handlers\FileHandler' driver.
INFO - 2024-09-07 11:17:35 --> Session: Class initialized using 'CodeIgniter\Session\Handlers\FileHandler' driver.
INFO - 2024-09-07 11:17:35 --> Session: Class initialized using 'CodeIgniter\Session\Handlers\FileHandler' driver.
WARNING - 2024-09-07 11:17:35 --> [DEPRECATED] Creation of dynamic property App\Controllers\DashboardAnggota::$ModelAnggota is deprecated in APPPATH\Controllers\DashboardAnggota.php on line 15.
 1 SYSTEMPATH\CodeIgniter.php(903): App\Controllers\DashboardAnggota->__construct()
 2 SYSTEMPATH\CodeIgniter.php(500): CodeIgniter\CodeIgniter->createController()
 3 SYSTEMPATH\CodeIgniter.php(355): CodeIgniter\CodeIgniter->handleRequest(null, Object(Config\Cache), false)
 4 SYSTEMPATH\Boot.php(325): CodeIgniter\CodeIgniter->run()
 5 SYSTEMPATH\Boot.php(67): CodeIgniter\Boot::runCodeIgniter(Object(CodeIgniter\CodeIgniter))
 6 FCPATH\index.php(56): CodeIgniter\Boot::bootWeb(Object(Config\Paths))
INFO - 2024-09-07 11:18:38 --> Session: Class initialized using 'CodeIgniter\Session\Handlers\FileHandler' driver.
INFO - 2024-09-07 11:18:38 --> Session: Class initialized using 'CodeIgniter\Session\Handlers\FileHandler' driver.
INFO - 2024-09-07 11:18:44 --> Session: Class initialized using 'CodeIgniter\Session\Handlers\FileHandler' driver.
INFO - 2024-09-07 11:18:44 --> Session: Class initialized using 'CodeIgniter\Session\Handlers\FileHandler' driver.
INFO - 2024-09-07 11:19:23 --> Session: Class initialized using 'CodeIgniter\Session\Handlers\FileHandler' driver.
INFO - 2024-09-07 11:19:23 --> Session: Class initialized using 'CodeIgniter\Session\Handlers\FileHandler' driver.
WARNING - 2024-09-07 11:19:23 --> [DEPRECATED] Creation of dynamic property App\Controllers\DashboardAnggota::$ModelAnggota is deprecated in APPPATH\Controllers\DashboardAnggota.php on line 15.
 1 SYSTEMPATH\CodeIgniter.php(903): App\Controllers\DashboardAnggota->__construct()
 2 SYSTEMPATH\CodeIgniter.php(500): CodeIgniter\CodeIgniter->createController()
 3 SYSTEMPATH\CodeIgniter.php(355): CodeIgniter\CodeIgniter->handleRequest(null, Object(Config\Cache), false)
 4 SYSTEMPATH\Boot.php(325): CodeIgniter\CodeIgniter->run()
 5 SYSTEMPATH\Boot.php(67): CodeIgniter\Boot::runCodeIgniter(Object(CodeIgniter\CodeIgniter))
 6 FCPATH\index.php(56): CodeIgniter\Boot::bootWeb(Object(Config\Paths))
INFO - 2024-09-07 11:19:33 --> Session: Class initialized using 'CodeIgniter\Session\Handlers\FileHandler' driver.
INFO - 2024-09-07 11:19:33 --> Session: Class initialized using 'CodeIgniter\Session\Handlers\FileHandler' driver.
INFO - 2024-09-07 11:23:56 --> Session: Class initialized using 'CodeIgniter\Session\Handlers\FileHandler' driver.
INFO - 2024-09-07 11:24:03 --> Session: Class initialized using 'CodeIgniter\Session\Handlers\FileHandler' driver.
INFO - 2024-09-07 11:24:03 --> Session: Class initialized using 'CodeIgniter\Session\Handlers\FileHandler' driver.
INFO - 2024-09-07 11:24:53 --> Session: Class initialized using 'CodeIgniter\Session\Handlers\FileHandler' driver.
INFO - 2024-09-07 11:24:53 --> Session: Class initialized using 'CodeIgniter\Session\Handlers\FileHandler' driver.
WARNING - 2024-09-07 11:24:53 --> [DEPRECATED] Creation of dynamic property App\Controllers\DashboardAnggota::$ModelAnggota is deprecated in APPPATH\Controllers\DashboardAnggota.php on line 15.
 1 SYSTEMPATH\CodeIgniter.php(903): App\Controllers\DashboardAnggota->__construct()
 2 SYSTEMPATH\CodeIgniter.php(500): CodeIgniter\CodeIgniter->createController()
 3 SYSTEMPATH\CodeIgniter.php(355): CodeIgniter\CodeIgniter->handleRequest(null, Object(Config\Cache), false)
 4 SYSTEMPATH\Boot.php(325): CodeIgniter\CodeIgniter->run()
 5 SYSTEMPATH\Boot.php(67): CodeIgniter\Boot::runCodeIgniter(Object(CodeIgniter\CodeIgniter))
 6 FCPATH\index.php(56): CodeIgniter\Boot::bootWeb(Object(Config\Paths))
INFO - 2024-09-07 11:25:07 --> Session: Class initialized using 'CodeIgniter\Session\Handlers\FileHandler' driver.
WARNING - 2024-09-07 11:25:07 --> [DEPRECATED] Creation of dynamic property App\Controllers\DashboardAnggota::$ModelAnggota is deprecated in APPPATH\Controllers\DashboardAnggota.php on line 15.
 1 SYSTEMPATH\CodeIgniter.php(903): App\Controllers\DashboardAnggota->__construct()
 2 SYSTEMPATH\CodeIgniter.php(500): CodeIgniter\CodeIgniter->createController()
 3 SYSTEMPATH\CodeIgniter.php(355): CodeIgniter\CodeIgniter->handleRequest(null, Object(Config\Cache), false)
 4 SYSTEMPATH\Boot.php(325): CodeIgniter\CodeIgniter->run()
 5 SYSTEMPATH\Boot.php(67): CodeIgniter\Boot::runCodeIgniter(Object(CodeIgniter\CodeIgniter))
 6 FCPATH\index.php(56): CodeIgniter\Boot::bootWeb(Object(Config\Paths))
INFO - 2024-09-07 11:25:10 --> Session: Class initialized using 'CodeIgniter\Session\Handlers\FileHandler' driver.
INFO - 2024-09-07 11:25:10 --> Session: Class initialized using 'CodeIgniter\Session\Handlers\FileHandler' driver.
INFO - 2024-09-07 11:29:42 --> Session: Class initialized using 'CodeIgniter\Session\Handlers\FileHandler' driver.
INFO - 2024-09-07 11:29:47 --> Session: Class initialized using 'CodeIgniter\Session\Handlers\FileHandler' driver.
INFO - 2024-09-07 11:29:47 --> Session: Class initialized using 'CodeIgniter\Session\Handlers\FileHandler' driver.
INFO - 2024-09-07 11:29:57 --> Session: Class initialized using 'CodeIgniter\Session\Handlers\FileHandler' driver.
WARNING - 2024-09-07 11:29:57 --> [DEPRECATED] Creation of dynamic property App\Controllers\User::$ModelUser is deprecated in APPPATH\Controllers\User.php on line 15.
 1 SYSTEMPATH\CodeIgniter.php(903): App\Controllers\User->__construct()
 2 SYSTEMPATH\CodeIgniter.php(500): CodeIgniter\CodeIgniter->createController()
 3 SYSTEMPATH\CodeIgniter.php(355): CodeIgniter\CodeIgniter->handleRequest(null, Object(Config\Cache), false)
 4 SYSTEMPATH\Boot.php(325): CodeIgniter\CodeIgniter->run()
 5 SYSTEMPATH\Boot.php(67): CodeIgniter\Boot::runCodeIgniter(Object(CodeIgniter\CodeIgniter))
 6 FCPATH\index.php(56): CodeIgniter\Boot::bootWeb(Object(Config\Paths))
INFO - 2024-09-07 11:30:02 --> Session: Class initialized using 'CodeIgniter\Session\Handlers\FileHandler' driver.
WARNING - 2024-09-07 11:30:02 --> [DEPRECATED] Creation of dynamic property App\Controllers\User::$ModelUser is deprecated in APPPATH\Controllers\User.php on line 15.
 1 SYSTEMPATH\CodeIgniter.php(903): App\Controllers\User->__construct()
 2 SYSTEMPATH\CodeIgniter.php(500): CodeIgniter\CodeIgniter->createController()
 3 SYSTEMPATH\CodeIgniter.php(355): CodeIgniter\CodeIgniter->handleRequest(null, Object(Config\Cache), false)
 4 SYSTEMPATH\Boot.php(325): CodeIgniter\CodeIgniter->run()
 5 SYSTEMPATH\Boot.php(67): CodeIgniter\Boot::runCodeIgniter(Object(CodeIgniter\CodeIgniter))
 6 FCPATH\index.php(56): CodeIgniter\Boot::bootWeb(Object(Config\Paths))
INFO - 2024-09-07 11:30:04 --> Session: Class initialized using 'CodeIgniter\Session\Handlers\FileHandler' driver.
WARNING - 2024-09-07 11:30:04 --> [DEPRECATED] Creation of dynamic property App\Controllers\Pengaturan::$ModelPengaturan is deprecated in APPPATH\Controllers\Pengaturan.php on line 15.
 1 SYSTEMPATH\CodeIgniter.php(903): App\Controllers\Pengaturan->__construct()
 2 SYSTEMPATH\CodeIgniter.php(500): CodeIgniter\CodeIgniter->createController()
 3 SYSTEMPATH\CodeIgniter.php(355): CodeIgniter\CodeIgniter->handleRequest(null, Object(Config\Cache), false)
 4 SYSTEMPATH\Boot.php(325): CodeIgniter\CodeIgniter->run()
 5 SYSTEMPATH\Boot.php(67): CodeIgniter\Boot::runCodeIgniter(Object(CodeIgniter\CodeIgniter))
 6 FCPATH\index.php(56): CodeIgniter\Boot::bootWeb(Object(Config\Paths))
INFO - 2024-09-07 11:30:08 --> Session: Class initialized using 'CodeIgniter\Session\Handlers\FileHandler' driver.
WARNING - 2024-09-07 11:30:08 --> [DEPRECATED] Creation of dynamic property App\Controllers\Jabatan::$ModelJabatan is deprecated in APPPATH\Controllers\Jabatan.php on line 14.
 1 SYSTEMPATH\CodeIgniter.php(903): App\Controllers\Jabatan->__construct()
 2 SYSTEMPATH\CodeIgniter.php(500): CodeIgniter\CodeIgniter->createController()
 3 SYSTEMPATH\CodeIgniter.php(355): CodeIgniter\CodeIgniter->handleRequest(null, Object(Config\Cache), false)
 4 SYSTEMPATH\Boot.php(325): CodeIgniter\CodeIgniter->run()
 5 SYSTEMPATH\Boot.php(67): CodeIgniter\Boot::runCodeIgniter(Object(CodeIgniter\CodeIgniter))
 6 FCPATH\index.php(56): CodeIgniter\Boot::bootWeb(Object(Config\Paths))
